Traceback (most recent call last):
  File "/usr/local/lib/python3.8/dist-packages/jupyter_cache/executors/utils.py", line 51, in single_nb_execution
    executenb(
  File "/usr/local/lib/python3.8/dist-packages/nbclient/client.py", line 1204, in execute
    return NotebookClient(nb=nb, resources=resources, km=km, **kwargs).execute()
  File "/usr/local/lib/python3.8/dist-packages/nbclient/util.py", line 84, in wrapped
    return just_run(coro(*args, **kwargs))
  File "/usr/local/lib/python3.8/dist-packages/nbclient/util.py", line 62, in just_run
    return loop.run_until_complete(coro)
  File "/usr/lib/python3.8/asyncio/base_events.py", line 616, in run_until_complete
    return future.result()
  File "/usr/local/lib/python3.8/dist-packages/nbclient/client.py", line 663, in async_execute
    await self.async_execute_cell(
  File "/usr/local/lib/python3.8/dist-packages/nbclient/client.py", line 965, in async_execute_cell
    await self._check_raise_for_error(cell, cell_index, exec_reply)
  File "/usr/local/lib/python3.8/dist-packages/nbclient/client.py", line 862, in _check_raise_for_error
    raise CellExecutionError.from_cell_and_msg(cell, exec_reply_content)
nbclient.exceptions.CellExecutionError: An error occurred while executing the following cell:
------------------
import nest_asyncio
nest_asyncio.apply() #digunakan sekali untuk mengaktifkan tindakan serentak dalam notebook jupyter.
import twint #untuk import twint
c = twint.Config()
c.Search = 'gibran rakabuming raka'
c.Pandas = True
c.Limit = 80
twint.run.Search(c)
------------------

[0;31m[0m
[0;31mModuleNotFoundError[0mTraceback (most recent call last)
[0;32m<ipython-input-4-d1a4263cffd1>[0m in [0;36m<module>[0;34m[0m
[1;32m      1[0m [0;32mimport[0m [0mnest_asyncio[0m[0;34m[0m[0;34m[0m[0m
[1;32m      2[0m [0mnest_asyncio[0m[0;34m.[0m[0mapply[0m[0;34m([0m[0;34m)[0m [0;31m#digunakan sekali untuk mengaktifkan tindakan serentak dalam notebook jupyter.[0m[0;34m[0m[0;34m[0m[0m
[0;32m----> 3[0;31m [0;32mimport[0m [0mtwint[0m [0;31m#untuk import twint[0m[0;34m[0m[0;34m[0m[0m
[0m[1;32m      4[0m [0mc[0m [0;34m=[0m [0mtwint[0m[0;34m.[0m[0mConfig[0m[0;34m([0m[0;34m)[0m[0;34m[0m[0;34m[0m[0m
[1;32m      5[0m [0mc[0m[0;34m.[0m[0mSearch[0m [0;34m=[0m [0;34m'gibran rakabuming raka'[0m[0;34m[0m[0;34m[0m[0m

[0;31mModuleNotFoundError[0m: No module named 'twint'

[0;31m---------------------------------------------------------------------------[0;32m
NOTE: If your import is failing due to a missing package, you can
manually install dependencies using either !pip or !apt.

To view examples of installing some common dependencies, click the
"Open Examples" button below.
[0;31m---------------------------------------------------------------------------[0m

ModuleNotFoundError: No module named 'twint'

